d:\lasalle_college(2)\3d_graphics_programming\spengine\vgp242\05_hellotexturemeshbuilder\x64\debug\vc143.pdb
d:\lasalle_college(2)\3d_graphics_programming\spengine\vgp242\05_hellotexturemeshbuilder\x64\debug\vc143.idb
d:\lasalle_college(2)\3d_graphics_programming\spengine\vgp242\05_hellotexturemeshbuilder\x64\debug\winmain.obj
d:\lasalle_college(2)\3d_graphics_programming\spengine\vgp242\05_hellotexturemeshbuilder\x64\debug\shapestates.obj
d:\lasalle_college(2)\3d_graphics_programming\spengine\vgp242\05_hellotexturemeshbuilder\x64\debug\05_hellotexturemeshbuilder.ilk
d:\lasalle_college(2)\3d_graphics_programming\spengine\x64\debug\05_hellotexturemeshbuilder.pdb
d:\lasalle_college(2)\3d_graphics_programming\spengine\vgp242\05_hellotexturemeshbuilder\x64\debug\05_hello.81c1db92.tlog\cl.command.1.tlog
d:\lasalle_college(2)\3d_graphics_programming\spengine\vgp242\05_hellotexturemeshbuilder\x64\debug\05_hello.81c1db92.tlog\cl.items.tlog
d:\lasalle_college(2)\3d_graphics_programming\spengine\vgp242\05_hellotexturemeshbuilder\x64\debug\05_hello.81c1db92.tlog\cl.read.1.tlog
d:\lasalle_college(2)\3d_graphics_programming\spengine\vgp242\05_hellotexturemeshbuilder\x64\debug\05_hello.81c1db92.tlog\cl.write.1.tlog
d:\lasalle_college(2)\3d_graphics_programming\spengine\vgp242\05_hellotexturemeshbuilder\x64\debug\05_hello.81c1db92.tlog\link.30940-cvtres.read.1.tlog
d:\lasalle_college(2)\3d_graphics_programming\spengine\vgp242\05_hellotexturemeshbuilder\x64\debug\05_hello.81c1db92.tlog\link.30940-cvtres.write.1.tlog
d:\lasalle_college(2)\3d_graphics_programming\spengine\vgp242\05_hellotexturemeshbuilder\x64\debug\05_hello.81c1db92.tlog\link.30940-rc.read.1.tlog
d:\lasalle_college(2)\3d_graphics_programming\spengine\vgp242\05_hellotexturemeshbuilder\x64\debug\05_hello.81c1db92.tlog\link.30940-rc.write.1.tlog
d:\lasalle_college(2)\3d_graphics_programming\spengine\vgp242\05_hellotexturemeshbuilder\x64\debug\05_hello.81c1db92.tlog\link.30940.read.1.tlog
d:\lasalle_college(2)\3d_graphics_programming\spengine\vgp242\05_hellotexturemeshbuilder\x64\debug\05_hello.81c1db92.tlog\link.30940.read.2.tlog
d:\lasalle_college(2)\3d_graphics_programming\spengine\vgp242\05_hellotexturemeshbuilder\x64\debug\05_hello.81c1db92.tlog\link.30940.read.3.tlog
d:\lasalle_college(2)\3d_graphics_programming\spengine\vgp242\05_hellotexturemeshbuilder\x64\debug\05_hello.81c1db92.tlog\link.30940.read.4.tlog
d:\lasalle_college(2)\3d_graphics_programming\spengine\vgp242\05_hellotexturemeshbuilder\x64\debug\05_hello.81c1db92.tlog\link.30940.write.1.tlog
d:\lasalle_college(2)\3d_graphics_programming\spengine\vgp242\05_hellotexturemeshbuilder\x64\debug\05_hello.81c1db92.tlog\link.command.1.tlog
d:\lasalle_college(2)\3d_graphics_programming\spengine\vgp242\05_hellotexturemeshbuilder\x64\debug\05_hello.81c1db92.tlog\link.read.1.tlog
d:\lasalle_college(2)\3d_graphics_programming\spengine\vgp242\05_hellotexturemeshbuilder\x64\debug\05_hello.81c1db92.tlog\link.secondary.1.tlog
d:\lasalle_college(2)\3d_graphics_programming\spengine\vgp242\05_hellotexturemeshbuilder\x64\debug\05_hello.81c1db92.tlog\link.write.1.tlog
