d:\lasalle_college(2)\3d_graphics_programming\spengine\vgp242\04_hellomeshbuilder\x64\debug\vc143.pdb
d:\lasalle_college(2)\3d_graphics_programming\spengine\vgp242\04_hellomeshbuilder\x64\debug\vc143.idb
d:\lasalle_college(2)\3d_graphics_programming\spengine\vgp242\04_hellomeshbuilder\x64\debug\winmain.obj
d:\lasalle_college(2)\3d_graphics_programming\spengine\vgp242\04_hellomeshbuilder\x64\debug\shapestates.obj
d:\lasalle_college(2)\3d_graphics_programming\spengine\vgp242\04_hellomeshbuilder\x64\debug\04_hellomeshbuilder.ilk
d:\lasalle_college(2)\3d_graphics_programming\spengine\x64\debug\04_hellomeshbuilder.pdb
d:\lasalle_college(2)\3d_graphics_programming\spengine\vgp242\04_hellomeshbuilder\x64\debug\04_hello.011247bb.tlog\cl.command.1.tlog
d:\lasalle_college(2)\3d_graphics_programming\spengine\vgp242\04_hellomeshbuilder\x64\debug\04_hello.011247bb.tlog\cl.items.tlog
d:\lasalle_college(2)\3d_graphics_programming\spengine\vgp242\04_hellomeshbuilder\x64\debug\04_hello.011247bb.tlog\cl.read.1.tlog
d:\lasalle_college(2)\3d_graphics_programming\spengine\vgp242\04_hellomeshbuilder\x64\debug\04_hello.011247bb.tlog\cl.write.1.tlog
d:\lasalle_college(2)\3d_graphics_programming\spengine\vgp242\04_hellomeshbuilder\x64\debug\04_hello.011247bb.tlog\link-cvtres.read.1.tlog
d:\lasalle_college(2)\3d_graphics_programming\spengine\vgp242\04_hellomeshbuilder\x64\debug\04_hello.011247bb.tlog\link-cvtres.write.1.tlog
d:\lasalle_college(2)\3d_graphics_programming\spengine\vgp242\04_hellomeshbuilder\x64\debug\04_hello.011247bb.tlog\link-rc.read.1.tlog
d:\lasalle_college(2)\3d_graphics_programming\spengine\vgp242\04_hellomeshbuilder\x64\debug\04_hello.011247bb.tlog\link-rc.write.1.tlog
d:\lasalle_college(2)\3d_graphics_programming\spengine\vgp242\04_hellomeshbuilder\x64\debug\04_hello.011247bb.tlog\link.command.1.tlog
d:\lasalle_college(2)\3d_graphics_programming\spengine\vgp242\04_hellomeshbuilder\x64\debug\04_hello.011247bb.tlog\link.read.1.tlog
d:\lasalle_college(2)\3d_graphics_programming\spengine\vgp242\04_hellomeshbuilder\x64\debug\04_hello.011247bb.tlog\link.read.2.tlog
d:\lasalle_college(2)\3d_graphics_programming\spengine\vgp242\04_hellomeshbuilder\x64\debug\04_hello.011247bb.tlog\link.read.3.tlog
d:\lasalle_college(2)\3d_graphics_programming\spengine\vgp242\04_hellomeshbuilder\x64\debug\04_hello.011247bb.tlog\link.read.4.tlog
d:\lasalle_college(2)\3d_graphics_programming\spengine\vgp242\04_hellomeshbuilder\x64\debug\04_hello.011247bb.tlog\link.secondary.1.tlog
d:\lasalle_college(2)\3d_graphics_programming\spengine\vgp242\04_hellomeshbuilder\x64\debug\04_hello.011247bb.tlog\link.write.1.tlog
