d:\lasalle_college(2)\3d_graphics_programming\spengine\framework\graphics\x64\debug\graphics.pch
d:\lasalle_college(2)\3d_graphics_programming\spengine\x64\debug\graphics.pdb
d:\lasalle_college(2)\3d_graphics_programming\spengine\x64\debug\graphics.idb
d:\lasalle_college(2)\3d_graphics_programming\spengine\framework\graphics\x64\debug\precompiled.obj
d:\lasalle_college(2)\3d_graphics_programming\spengine\framework\graphics\x64\debug\vertexshader.obj
d:\lasalle_college(2)\3d_graphics_programming\spengine\framework\graphics\x64\debug\pixelshader.obj
d:\lasalle_college(2)\3d_graphics_programming\spengine\framework\graphics\x64\debug\meshbuilder.obj
d:\lasalle_college(2)\3d_graphics_programming\spengine\framework\graphics\x64\debug\meshbuffer.obj
d:\lasalle_college(2)\3d_graphics_programming\spengine\framework\graphics\x64\debug\graphicssystem.obj
d:\lasalle_college(2)\3d_graphics_programming\spengine\framework\graphics\x64\debug\constantbuffer.obj
d:\lasalle_college(2)\3d_graphics_programming\spengine\framework\graphics\x64\debug\camera.obj
d:\lasalle_college(2)\3d_graphics_programming\spengine\framework\graphics\x64\debug\texture.obj
d:\lasalle_college(2)\3d_graphics_programming\spengine\x64\debug\graphics.lib
d:\lasalle_college(2)\3d_graphics_programming\spengine\framework\graphics\x64\debug\graphics.tlog\cl.command.1.tlog
d:\lasalle_college(2)\3d_graphics_programming\spengine\framework\graphics\x64\debug\graphics.tlog\cl.items.tlog
d:\lasalle_college(2)\3d_graphics_programming\spengine\framework\graphics\x64\debug\graphics.tlog\cl.read.1.tlog
d:\lasalle_college(2)\3d_graphics_programming\spengine\framework\graphics\x64\debug\graphics.tlog\cl.write.1.tlog
d:\lasalle_college(2)\3d_graphics_programming\spengine\framework\graphics\x64\debug\graphics.tlog\lib-link.read.1.tlog
d:\lasalle_college(2)\3d_graphics_programming\spengine\framework\graphics\x64\debug\graphics.tlog\lib-link.write.1.tlog
d:\lasalle_college(2)\3d_graphics_programming\spengine\framework\graphics\x64\debug\graphics.tlog\lib.command.1.tlog
